0 info it worked if it ends with ok
1 verbose cli [ '/Users/nealli/.nvm/versions/node/v6.14.1/bin/node',
1 verbose cli   '/Users/nealli/.nvm/versions/node/v6.14.1/bin/npm',
1 verbose cli   'run',
1 verbose cli   'neal-install' ]
2 info using npm@3.10.10
3 info using node@v6.14.1
4 verbose run-script [ 'preneal-install', 'neal-install', 'postneal-install' ]
5 info lifecycle @mr-dev-neal/bc-global-compare@0.0.2~preneal-install: @mr-dev-neal/bc-global-compare@0.0.2
6 silly lifecycle @mr-dev-neal/bc-global-compare@0.0.2~preneal-install: no script for preneal-install, continuing
7 info lifecycle @mr-dev-neal/bc-global-compare@0.0.2~neal-install: @mr-dev-neal/bc-global-compare@0.0.2
8 verbose lifecycle @mr-dev-neal/bc-global-compare@0.0.2~neal-install: unsafe-perm in lifecycle true
9 verbose lifecycle @mr-dev-neal/bc-global-compare@0.0.2~neal-install: PATH: /Users/nealli/.nvm/versions/node/v6.14.1/lib/node_modules/npm/bin/node-gyp-bin:/Volumes/Development/Moustacherepublic/bigcommerce/yellow/stencil/node_modules/@test/bc-global-compare/node_modules/.bin:/Volumes/Development/Moustacherepublic/bigcommerce/yellow/stencil/node_modules/.bin:/Users/nealli/.nvm/versions/node/v6.14.1/bin:/usr/local/bin:/usr/bin:/bin:/usr/sbin:/sbin
10 verbose lifecycle @mr-dev-neal/bc-global-compare@0.0.2~neal-install: CWD: /Volumes/Development/Moustacherepublic/bigcommerce/yellow/stencil/node_modules/@test/bc-global-compare
11 silly lifecycle @mr-dev-neal/bc-global-compare@0.0.2~neal-install: Args: [ '-c', 'bin/install' ]
12 silly lifecycle @mr-dev-neal/bc-global-compare@0.0.2~neal-install: Returned: code: 126  signal: null
13 info lifecycle @mr-dev-neal/bc-global-compare@0.0.2~neal-install: Failed to exec neal-install script
14 verbose stack Error: @mr-dev-neal/bc-global-compare@0.0.2 neal-install: `bin/install`
14 verbose stack Exit status 126
14 verbose stack     at EventEmitter.<anonymous> (/Users/nealli/.nvm/versions/node/v6.14.1/lib/node_modules/npm/lib/utils/lifecycle.js:255:16)
14 verbose stack     at emitTwo (events.js:106:13)
14 verbose stack     at EventEmitter.emit (events.js:191:7)
14 verbose stack     at ChildProcess.<anonymous> (/Users/nealli/.nvm/versions/node/v6.14.1/lib/node_modules/npm/lib/utils/spawn.js:40:14)
14 verbose stack     at emitTwo (events.js:106:13)
14 verbose stack     at ChildProcess.emit (events.js:191:7)
14 verbose stack     at maybeClose (internal/child_process.js:920:16)
14 verbose stack     at Process.ChildProcess._handle.onexit (internal/child_process.js:230:5)
15 verbose pkgid @mr-dev-neal/bc-global-compare@0.0.2
16 verbose cwd /Volumes/Development/Moustacherepublic/bigcommerce/yellow/stencil/node_modules/@test/bc-global-compare
17 error Darwin 17.5.0
18 error argv "/Users/nealli/.nvm/versions/node/v6.14.1/bin/node" "/Users/nealli/.nvm/versions/node/v6.14.1/bin/npm" "run" "neal-install"
19 error node v6.14.1
20 error npm  v3.10.10
21 error code ELIFECYCLE
22 error @mr-dev-neal/bc-global-compare@0.0.2 neal-install: `bin/install`
22 error Exit status 126
23 error Failed at the @mr-dev-neal/bc-global-compare@0.0.2 neal-install script 'bin/install'.
23 error Make sure you have the latest version of node.js and npm installed.
23 error If you do, this is most likely a problem with the @mr-dev-neal/bc-global-compare package,
23 error not with npm itself.
23 error Tell the author that this fails on your system:
23 error     bin/install
23 error You can get information on how to open an issue for this project with:
23 error     npm bugs @mr-dev-neal/bc-global-compare
23 error Or if that isn't available, you can get their info via:
23 error     npm owner ls @mr-dev-neal/bc-global-compare
23 error There is likely additional logging output above.
24 verbose exit [ 1, true ]
